<?xml version="1.0" encoding="UTF-8"?>
<testsuite xmlns:xsi="http://www.w3.org/2001/XMLSchema-instance" xsi:noNamespaceSchemaLocation="https://maven.apache.org/surefire/maven-surefire-plugin/xsd/surefire-test-report-3.0.xsd" version="3.0" name="com.med.backend.MedBackendApplicationTests" time="11.978" tests="1" errors="0" skipped="0" failures="0">
  <properties>
[...]
</properties>
  <testcase name="contextLoads" classname="com.med.backend.MedBackendApplicationTests" time="0.632">
    <system-out><![CDATA[10:37:56.505 [main] INFO org.springframework.test.context.support.AnnotationConfigContextLoaderUtils -- Could not detect default configuration classes for test class [com.med.backend.MedBackendApplicationTests]: MedBackendApplicationTests does not declare any static, non-private, non-final, nested classes annotated with @Configuration.
10:37:56.622 [main] INFO org.springframework.boot.test.context.SpringBootTestContextBootstrapper -- Found @SpringBootConfiguration com.med.backend.MedBackendApplication for test class com.med.backend.MedBackendApplicationTests

  .   ____          _            __ _ _
 /\\ / ___'_ __ _ _(_)_ __  __ _ \ \ \ \
( ( )\___ | '_ | '_| | '_ \/ _` | \ \ \ \
 \\/  ___)| |_)| | | | | || (_| |  ) ) ) )
  '  |____| .__|_| |_|_| |_\__, | / / / /
 =========|_|==============|___/=/_/_/_/

 :: Spring Boot ::                (v3.3.5)

2025-06-07T10:37:56.962-04:00  WARN 21588 --- [med-backend] [           main] ory$DuplicateJsonObjectContextCustomizer : 

Found multiple occurrences of org.json.JSONObject on the class path:

	jar:file:/C:/Users/rosse/.m2/repository/com/vaadin/external/google/android-json/0.0.20131108.vaadin1/android-json-0.0.20131108.vaadin1.jar!/org/json/JSONObject.class
	jar:file:/C:/Users/rosse/.m2/repository/org/json/json/20240303/json-20240303.jar!/org/json/JSONObject.class

You may wish to exclude one of them to ensure predictable runtime behavior

2025-06-07T10:37:56.979-04:00  INFO 21588 --- [med-backend] [           main] c.m.backend.MedBackendApplicationTests   : Starting MedBackendApplicationTests using Java 20.0.2 with PID 21588 (started by rosse in D:\Universidad\Software 2\Segundo Parcial\Codigo\SW2P2Backend)
2025-06-07T10:37:56.980-04:00  INFO 21588 --- [med-backend] [           main] c.m.backend.MedBackendApplicationTests   : No active profile set, falling back to 1 default profile: "default"
2025-06-07T10:37:57.655-04:00  INFO 21588 --- [med-backend] [           main] .s.d.r.c.RepositoryConfigurationDelegate : Bootstrapping Spring Data MongoDB repositories in DEFAULT mode.
2025-06-07T10:37:57.823-04:00  INFO 21588 --- [med-backend] [           main] .s.d.r.c.RepositoryConfigurationDelegate : Finished Spring Data repository scanning in 163 ms. Found 10 MongoDB repository interfaces.
2025-06-07T10:37:58.518-04:00  INFO 21588 --- [med-backend] [           main] org.mongodb.driver.client                : MongoClient with metadata {"application": {"name": "sw2p2backend"}, "driver": {"name": "mongo-java-driver|sync|spring-boot", "version": "5.0.1"}, "os": {"type": "Windows", "name": "Windows 10", "architecture": "amd64", "version": "10.0"}, "platform": "Java/Oracle Corporation/20.0.2+9-78"} created with settings MongoClientSettings{readPreference=primary, writeConcern=WriteConcern{w=majority, wTimeout=null ms, journal=null}, retryWrites=true, retryReads=true, readConcern=ReadConcern{level=null}, credential=MongoCredential{mechanism=null, userName='grupo01', source='admin', password=<hidden>, mechanismProperties=<hidden>}, transportSettings=null, commandListeners=[], codecRegistry=ProvidersCodecRegistry{codecProviders=[ValueCodecProvider{}, BsonValueCodecProvider{}, DBRefCodecProvider{}, DBObjectCodecProvider{}, DocumentCodecProvider{}, CollectionCodecProvider{}, IterableCodecProvider{}, MapCodecProvider{}, GeoJsonCodecProvider{}, GridFSFileCodecProvider{}, Jsr310CodecProvider{}, JsonObjectCodecProvider{}, BsonCodecProvider{}, EnumCodecProvider{}, com.mongodb.client.model.mql.ExpressionCodecProvider@17c0274c, com.mongodb.Jep395RecordCodecProvider@7abeabe9, com.mongodb.KotlinCodecProvider@5a05dd30]}, loggerSettings=LoggerSettings{maxDocumentLength=1000}, clusterSettings={hosts=[127.0.0.1:27017], srvHost=sw2p2backend.hahdn3u.mongodb.net, srvServiceName=mongodb, mode=MULTIPLE, requiredClusterType=REPLICA_SET, requiredReplicaSetName='atlas-12e93x-shard-0', serverSelector='null', clusterListeners='[]', serverSelectionTimeout='30000 ms', localThreshold='15 ms'}, socketSettings=SocketSettings{connectTimeoutMS=10000, readTimeoutMS=0, receiveBufferSize=0, proxySettings=ProxySettings{host=null, port=null, username=null, password=null}}, heartbeatSocketSettings=SocketSettings{connectTimeoutMS=10000, readTimeoutMS=10000, receiveBufferSize=0, proxySettings=ProxySettings{host=null, port=null, username=null, password=null}}, connectionPoolSettings=ConnectionPoolSettings{maxSize=100, minSize=0, maxWaitTimeMS=120000, maxConnectionLifeTimeMS=0, maxConnectionIdleTimeMS=0, maintenanceInitialDelayMS=0, maintenanceFrequencyMS=60000, connectionPoolListeners=[], maxConnecting=2}, serverSettings=ServerSettings{heartbeatFrequencyMS=10000, minHeartbeatFrequencyMS=500, serverListeners='[]', serverMonitorListeners='[]'}, sslSettings=SslSettings{enabled=true, invalidHostNameAllowed=false, context=null}, applicationName='sw2p2backend', compressorList=[], uuidRepresentation=JAVA_LEGACY, serverApi=null, autoEncryptionSettings=null, dnsClient=null, inetAddressResolver=null, contextProvider=null}
2025-06-07T10:37:58.571-04:00  INFO 21588 --- [med-backend] [n3u.mongodb.net] org.mongodb.driver.cluster               : Adding discovered server ac-fvv59dc-shard-00-01.hahdn3u.mongodb.net:27017 to client view of cluster
2025-06-07T10:37:58.592-04:00  INFO 21588 --- [med-backend] [n3u.mongodb.net] org.mongodb.driver.cluster               : Adding discovered server ac-fvv59dc-shard-00-00.hahdn3u.mongodb.net:27017 to client view of cluster
2025-06-07T10:37:58.595-04:00  INFO 21588 --- [med-backend] [n3u.mongodb.net] org.mongodb.driver.cluster               : Adding discovered server ac-fvv59dc-shard-00-02.hahdn3u.mongodb.net:27017 to client view of cluster
2025-06-07T10:37:58.879-04:00  INFO 21588 --- [med-backend] [           main] org.mongodb.driver.cluster               : Waiting for server to become available for operation with ID 1. Remaining time: 30000 ms. Selector: WritableServerSelector, topology description: {type=REPLICA_SET, servers=[{address=ac-fvv59dc-shard-00-01.hahdn3u.mongodb.net:27017, type=UNKNOWN, state=CONNECTING}, {address=ac-fvv59dc-shard-00-02.hahdn3u.mongodb.net:27017, type=UNKNOWN, state=CONNECTING}, {address=ac-fvv59dc-shard-00-00.hahdn3u.mongodb.net:27017, type=UNKNOWN, state=CONNECTING}].
2025-06-07T10:37:59.662-04:00  INFO 21588 --- [med-backend] [ngodb.net:27017] org.mongodb.driver.cluster               : Monitor thread successfully connected to server with description ServerDescription{address=ac-fvv59dc-shard-00-02.hahdn3u.mongodb.net:27017, type=REPLICA_SET_SECONDARY, state=CONNECTED, ok=true, minWireVersion=0, maxWireVersion=25, maxDocumentSize=16777216, logicalSessionTimeoutMinutes=30, roundTripTimeNanos=584449000, setName='atlas-12e93x-shard-0', canonicalAddress=ac-fvv59dc-shard-00-02.hahdn3u.mongodb.net:27017, hosts=[ac-fvv59dc-shard-00-02.hahdn3u.mongodb.net:27017, ac-fvv59dc-shard-00-00.hahdn3u.mongodb.net:27017, ac-fvv59dc-shard-00-01.hahdn3u.mongodb.net:27017], passives=[], arbiters=[], primary='ac-fvv59dc-shard-00-01.hahdn3u.mongodb.net:27017', tagSet=TagSet{[Tag{name='availabilityZone', value='use1-az4'}, Tag{name='diskState', value='READY'}, Tag{name='nodeType', value='ELECTABLE'}, Tag{name='provider', value='AWS'}, Tag{name='region', value='US_EAST_1'}, Tag{name='workloadType', value='OPERATIONAL'}]}, electionId=null, setVersion=175, topologyVersion=TopologyVersion{processId=6843435a769c91ff2c5a6972, counter=3}, lastWriteDate=Sat Jun 07 10:38:00 BOT 2025, lastUpdateTimeNanos=84876511882800}
2025-06-07T10:37:59.662-04:00  INFO 21588 --- [med-backend] [ngodb.net:27017] org.mongodb.driver.cluster               : Monitor thread successfully connected to server with description ServerDescription{address=ac-fvv59dc-shard-00-01.hahdn3u.mongodb.net:27017, type=REPLICA_SET_PRIMARY, state=CONNECTED, ok=true, minWireVersion=0, maxWireVersion=25, maxDocumentSize=16777216, logicalSessionTimeoutMinutes=30, roundTripTimeNanos=580001900, setName='atlas-12e93x-shard-0', canonicalAddress=ac-fvv59dc-shard-00-01.hahdn3u.mongodb.net:27017, hosts=[ac-fvv59dc-shard-00-02.hahdn3u.mongodb.net:27017, ac-fvv59dc-shard-00-00.hahdn3u.mongodb.net:27017, ac-fvv59dc-shard-00-01.hahdn3u.mongodb.net:27017], passives=[], arbiters=[], primary='ac-fvv59dc-shard-00-01.hahdn3u.mongodb.net:27017', tagSet=TagSet{[Tag{name='availabilityZone', value='use1-az2'}, Tag{name='diskState', value='READY'}, Tag{name='nodeType', value='ELECTABLE'}, Tag{name='provider', value='AWS'}, Tag{name='region', value='US_EAST_1'}, Tag{name='workloadType', value='OPERATIONAL'}]}, electionId=7fffffff00000000000001c5, setVersion=175, topologyVersion=TopologyVersion{processId=6843402021905035768b85bb, counter=6}, lastWriteDate=Sat Jun 07 10:38:00 BOT 2025, lastUpdateTimeNanos=84876511882900}
2025-06-07T10:37:59.664-04:00  INFO 21588 --- [med-backend] [ngodb.net:27017] org.mongodb.driver.cluster               : Monitor thread successfully connected to server with description ServerDescription{address=ac-fvv59dc-shard-00-00.hahdn3u.mongodb.net:27017, type=REPLICA_SET_SECONDARY, state=CONNECTED, ok=true, minWireVersion=0, maxWireVersion=25, maxDocumentSize=16777216, logicalSessionTimeoutMinutes=30, roundTripTimeNanos=576084600, setName='atlas-12e93x-shard-0', canonicalAddress=ac-fvv59dc-shard-00-00.hahdn3u.mongodb.net:27017, hosts=[ac-fvv59dc-shard-00-02.hahdn3u.mongodb.net:27017, ac-fvv59dc-shard-00-00.hahdn3u.mongodb.net:27017, ac-fvv59dc-shard-00-01.hahdn3u.mongodb.net:27017], passives=[], arbiters=[], primary='ac-fvv59dc-shard-00-01.hahdn3u.mongodb.net:27017', tagSet=TagSet{[Tag{name='availabilityZone', value='use1-az1'}, Tag{name='diskState', value='READY'}, Tag{name='nodeType', value='ELECTABLE'}, Tag{name='provider', value='AWS'}, Tag{name='region', value='US_EAST_1'}, Tag{name='workloadType', value='OPERATIONAL'}]}, electionId=null, setVersion=175, topologyVersion=TopologyVersion{processId=68433d8e90973a844bff3c59, counter=4}, lastWriteDate=Sat Jun 07 10:38:00 BOT 2025, lastUpdateTimeNanos=84876515589900}
2025-06-07T10:37:59.665-04:00  INFO 21588 --- [med-backend] [ngodb.net:27017] org.mongodb.driver.cluster               : Discovered replica set primary ac-fvv59dc-shard-00-01.hahdn3u.mongodb.net:27017 with max election id 7fffffff00000000000001c5 and max set version 175
2025-06-07T10:38:02.161-04:00  INFO 21588 --- [med-backend] [           main] eAuthenticationProviderManagerConfigurer : Global AuthenticationManager configured with AuthenticationProvider bean with name authenticationProvider
2025-06-07T10:38:02.162-04:00  WARN 21588 --- [med-backend] [           main] r$InitializeUserDetailsManagerConfigurer : Global AuthenticationManager configured with an AuthenticationProvider bean. UserDetailsService beans will not be used for username/password login. Consider removing the AuthenticationProvider bean. Alternatively, consider using the UserDetailsService in a manually instantiated DaoAuthenticationProvider.
2025-06-07T10:38:02.829-04:00  INFO 21588 --- [med-backend] [           main] efaultSchemaResourceGraphQlSourceBuilder : Loaded 1 resource(s) in the GraphQL schema.
2025-06-07T10:38:03.093-04:00  INFO 21588 --- [med-backend] [           main] o.s.b.a.g.GraphQlAutoConfiguration       : GraphQL schema inspection:
	Unmapped fields: {Schedule=[id]}
	Unmapped registrations: {}
	Unmapped arguments: {}
	Skipped types: []
2025-06-07T10:38:03.116-04:00  INFO 21588 --- [med-backend] [           main] s.b.a.g.s.GraphQlWebMvcAutoConfiguration : GraphQL endpoint HTTP POST /graphql
2025-06-07T10:38:03.470-04:00  INFO 21588 --- [med-backend] [           main] c.m.backend.MedBackendApplicationTests   : Started MedBackendApplicationTests in 6.711 seconds (process running for 7.631)
Cargando datos desde data.json...
Usuario admin_user ya existe. No se cargará nuevamente.
Usuario receptionist_user ya existe. No se cargará nuevamente.
Usuario doctor_user_1 ya existe. No se cargará nuevamente.
Usuario doctor_user_2 ya existe. No se cargará nuevamente.
Usuario doctor_user_3 ya existe. No se cargará nuevamente.
Usuario doctor_user_4 ya existe. No se cargará nuevamente.
Usuario doctor_user_5 ya existe. No se cargará nuevamente.
Usuario patient_user_1 ya existe. No se cargará nuevamente.
Usuario patient_user_2 ya existe. No se cargará nuevamente.
Usuario patient_user_3 ya existe. No se cargará nuevamente.
Usuario patient_user_4 ya existe. No se cargará nuevamente.
Usuario patient_user_5 ya existe. No se cargará nuevamente.
Cargando datos desde patient.json...
Paciente con ID 1 ya existe. No se cargará nuevamente.
Paciente con ID 2 ya existe. No se cargará nuevamente.
Paciente con ID 3 ya existe. No se cargará nuevamente.
Paciente con ID 4 ya existe. No se cargará nuevamente.
Paciente con ID 5 ya existe. No se cargará nuevamente.
Cargando datos desde doctor.json...
Doctor con ID 1 ya existe. No se cargará nuevamente.
Doctor con ID 2 ya existe. No se cargará nuevamente.
Doctor con ID 3 ya existe. No se cargará nuevamente.
Doctor con ID 4 ya existe. No se cargará nuevamente.
Doctor con ID 5 ya existe. No se cargará nuevamente.
]]></system-out>
  </testcase>
</testsuite>